<?xml version="1.0" encoding="UTF-8"?>
<!-- Generated by org.testng.reporters.JUnitReportReporter -->
<testsuite hostname="DESKTOP-NFE9NNT" failures="0" tests="3" name="Testingframework.section17.frame3" time="0.006" errors="0" timestamp="2024-05-02T12:38:10 IST" skipped="0">
  <testcase classname="Testingframework.section17.frame3" name="homeloan" time="0.002"/>
  <testcase classname="Testingframework.section17.frame3" name="webpages" time="0.002"/>
  <testcase classname="Testingframework.section17.frame3" name="ex" time="0.002"/>
</testsuite> <!-- Testingframework.section17.frame3 -->
