<?xml version="1.0" encoding="UTF-8"?>
<!-- Generated by org.testng.reporters.JUnitReportReporter -->
<testsuite hostname="DESKTOP-NFE9NNT" failures="0" tests="3" name="Testingframework.section17.frame4$TestNg" time="0.006" errors="0" timestamp="2024-05-02T12:38:10 IST" skipped="0">
  <testcase classname="Testingframework.section17.frame4$TestNg" name="webpage" time="0.002"/>
  <testcase classname="Testingframework.section17.frame4$TestNg" name="ex" time="0.001"/>
  <testcase classname="Testingframework.section17.frame4$TestNg" name="carloan" time="0.003"/>
</testsuite> <!-- Testingframework.section17.frame4$TestNg -->
