<?xml version="1.0" encoding="UTF-8"?>
<!-- Generated by org.testng.reporters.JUnitReportReporter -->
<testsuite hostname="DESKTOP-NFE9NNT" failures="0" tests="2" name="Testingframework.section17.Frame1$TestNg" time="0.004" errors="0" timestamp="2024-05-02T12:38:10 IST" skipped="0">
  <testcase classname="Testingframework.section17.Frame1$TestNg" name="input" time="0.003"/>
  <testcase classname="Testingframework.section17.Frame1$TestNg" name="output" time="0.001"/>
</testsuite> <!-- Testingframework.section17.Frame1$TestNg -->
