<?xml version="1.0" encoding="UTF-8"?>
<!-- Generated by org.testng.reporters.JUnitReportReporter -->
<testsuite hostname="DESKTOP-NFE9NNT" failures="0" tests="1" name="framework.report.Rep" time="4.577" errors="0" timestamp="2024-05-21T15:29:19 IST" skipped="0">
  <testcase classname="framework.report.Rep" name="testmethod" time="4.577"/>
</testsuite> <!-- framework.report.Rep -->
